Log file open, 03/25/19 14:09:47
LogWindows: Failed to load 'aqProf.dll' (GetLastError=126)
LogWindows: File 'aqProf.dll' does not exist
LogWindows: Failed to load 'VtuneApi.dll' (GetLastError=126)
LogWindows: File 'VtuneApi.dll' does not exist
LogWindows: Failed to load 'VtuneApi32e.dll' (GetLastError=126)
LogWindows: File 'VtuneApi32e.dll' does not exist
LogInit: Display: Running engine for game: EscapeYourself
LogPlatformFile: Not using cached read wrapper
LogTaskGraph: Started task graph with 5 named threads and 35 total threads with 3 sets of task threads.
LogStats: Stats thread started at 0.406352
LogD3D11RHI: Loaded GFSDK_Aftermath_Lib.x64.dll
LogICUInternationalization: Display: ICU TimeZone Detection - Raw Offset: +0:00, Platform Override: ''
LogPluginManager: Mounting plugin Paper2D
LogPluginManager: Mounting plugin AISupport
LogPluginManager: Mounting plugin LightPropagationVolume
LogPluginManager: Mounting plugin CLionSourceCodeAccess
LogPluginManager: Mounting plugin CodeLiteSourceCodeAccess
LogPluginManager: Mounting plugin GitSourceControl
LogPluginManager: Mounting plugin KDevelopSourceCodeAccess
LogPluginManager: Mounting plugin NullSourceCodeAccess
LogPluginManager: Mounting plugin PerforceSourceControl
LogPluginManager: Mounting plugin SubversionSourceControl
LogPluginManager: Mounting plugin UObjectPlugin
LogPluginManager: Mounting plugin VisualStudioCodeSourceCodeAccess
LogPluginManager: Mounting plugin VisualStudioSourceCodeAccess
LogPluginManager: Mounting plugin XCodeSourceCodeAccess
LogPluginManager: Mounting plugin AssetManagerEditor
LogPluginManager: Mounting plugin CryptoKeys
LogPluginManager: Mounting plugin DataValidation
LogPluginManager: Mounting plugin FacialAnimation
LogPluginManager: Mounting plugin GameplayTagsEditor
LogPluginManager: Mounting plugin MacGraphicsSwitching
LogPluginManager: Mounting plugin MeshEditor
LogPluginManager: Mounting plugin MobileLauncherProfileWizard
LogPluginManager: Mounting plugin PluginBrowser
LogPluginManager: Mounting plugin SpeedTreeImporter
LogPluginManager: Mounting plugin DatasmithContent
LogPluginManager: Mounting plugin AlembicImporter
LogPluginManager: Mounting plugin AppleImageUtils
LogPluginManager: Mounting plugin AppleVision
LogPluginManager: Mounting plugin BackChannel
LogPluginManager: Mounting plugin CharacterAI
LogPluginManager: Mounting plugin GeometryCache
LogPluginManager: Mounting plugin HTML5Networking
LogPluginManager: Mounting plugin ProxyLODPlugin
LogPluginManager: Mounting plugin MagicLeap
LogPluginManager: Mounting plugin MagicLeapEmulator
LogPluginManager: Mounting plugin MagicLeapMedia
LogPluginManager: Mounting plugin AndroidMedia
LogPluginManager: Mounting plugin AvfMedia
LogPluginManager: Mounting plugin ImgMedia
LogPluginManager: Mounting plugin LinearTimecode
LogPluginManager: Mounting plugin MediaCompositing
LogPluginManager: Mounting plugin MediaPlayerEditor
LogPluginManager: Mounting plugin WmfMedia
LogPluginManager: Mounting plugin TcpMessaging
LogPluginManager: Mounting plugin UdpMessaging
LogPluginManager: Mounting plugin ActorSequence
LogPluginManager: Mounting plugin LevelSequenceEditor
LogPluginManager: Mounting plugin MatineeToLevelSequence
LogPluginManager: Mounting plugin NetcodeUnitTest
LogPluginManager: Mounting plugin NUTUnrealEngine4
LogPluginManager: Mounting plugin OnlineSubsystemGooglePlay
LogPluginManager: Mounting plugin OnlineSubsystemIOS
LogPluginManager: Mounting plugin OnlineSubsystem
LogPluginManager: Mounting plugin OnlineSubsystemNull
LogPluginManager: Mounting plugin OnlineSubsystemUtils
LogPluginManager: Mounting plugin LauncherChunkInstaller
LogPluginManager: Mounting plugin AndroidDeviceProfileSelector
LogPluginManager: Mounting plugin AndroidMoviePlayer
LogPluginManager: Mounting plugin AndroidPermission
LogPluginManager: Mounting plugin AppleMoviePlayer
LogPluginManager: Mounting plugin ArchVisCharacter
LogPluginManager: Mounting plugin AudioCapture
LogPluginManager: Mounting plugin CableComponent
LogPluginManager: Mounting plugin CustomMeshComponent
LogPluginManager: Mounting plugin EditableMesh
LogPluginManager: Mounting plugin ExampleDeviceProfileSelector
LogPluginManager: Mounting plugin GoogleCloudMessaging
LogPluginManager: Mounting plugin ImmediatePhysics
LogPluginManager: Mounting plugin IOSDeviceProfileSelector
LogPluginManager: Mounting plugin LinuxDeviceProfileSelector
LogPluginManager: Mounting plugin LocationServicesBPLibrary
LogPluginManager: Mounting plugin MobilePatchingUtils
LogPluginManager: Mounting plugin OculusVR
LogPluginManager: Plugin shader directory ../../../Engine/Plugins/Runtime/Oculus/OculusVR/Shaders found
LogPluginManager: Mapping shader source directory ../../../Engine/Plugins/Runtime/Oculus/OculusVR/Shaders to virtual directory /Plugin/OculusVR
LogPluginManager: Mounting plugin PhysXVehicles
LogPluginManager: Mounting plugin ProceduralMeshComponent
LogPluginManager: Mounting plugin RuntimePhysXCooking
LogPluginManager: Mounting plugin SteamVR
LogPluginManager: Mounting plugin WindowsMoviePlayer
LogStreaming: Display: Took  0.098s to configure plugins.
LogInit: Using libcurl 7.55.1-DEV
LogInit:  - built for x86_64-pc-win32
LogInit:  - supports SSL with OpenSSL/1.0.2h
LogInit:  - supports HTTP deflate (compression) using libz 1.2.8
LogInit:  - other features:
LogInit:      CURL_VERSION_SSL
LogInit:      CURL_VERSION_LIBZ
LogInit:      CURL_VERSION_IPV6
LogInit:      CURL_VERSION_ASYNCHDNS
LogInit:      CURL_VERSION_LARGEFILE
LogInit:      CURL_VERSION_IDN
LogInit:  CurlRequestOptions (configurable via config and command line):
LogInit:  - bVerifyPeer = false  - Libcurl will NOT verify peer certificate
LogInit:  - bUseHttpProxy = false  - Libcurl will NOT use HTTP proxy
LogInit:  - bDontReuseConnections = false  - Libcurl will reuse connections
LogInit:  - CertBundlePath = nullptr  - Libcurl will use whatever was configured at build time.
LogInit:  - MaxHostConnections = 16  - Libcurl will limit the number of connections to a host
LogInit:  - LocalHostAddr = Default
LogInit:  - BufferSize = 65536
LogInit: WinSock: version 1.1 (2.2), MaxSocks=32767, MaxUdp=65467
LogHMD: Failed initializing OVRPlugin 1.25.0
LogInit: Build: ++UE4+Release-4.20-CL-4369336
LogInit: Engine Version: 4.20.3-4369336+++UE4+Release-4.20
LogInit: Compatible Engine Version: 4.20.0-4212847+++UE4+Release-4.20
LogInit: Net CL: 4212847
LogInit: OS: Windows 10 (), CPU: Intel(R) Xeon(R) CPU E5-1650 v3 @ 3.50GHz, GPU: NVIDIA GeForce GTX 970
LogInit: Compiled (64-bit): Sep 17 2018 12:26:19
LogInit: Compiled with Visual C++: 19.13.26129.00
LogInit: Build Configuration: Development
LogInit: Branch Name: ++UE4+Release-4.20
LogInit: Command Line: 
LogInit: Base Directory: C:/Program Files/Epic Games/UE_4.20/Engine/Binaries/Win64/
LogInit: Installed Engine Build: 1
LogDevObjectVersion: Number of dev versions registered: 20
LogDevObjectVersion:   Dev-Blueprints (B0D832E4-1F89-4F0D-ACCF-7EB736FD4AA2): 10
LogDevObjectVersion:   Dev-Build (E1C64328-A22C-4D53-A36C-8E866417BD8C): 0
LogDevObjectVersion:   Dev-Core (375EC13C-06E4-48FB-B500-84F0262A717E): 2
LogDevObjectVersion:   Dev-Editor (E4B068ED-F494-42E9-A231-DA0B2E46BB41): 24
LogDevObjectVersion:   Dev-Framework (CFFC743F-43B0-4480-9391-14DF171D2073): 34
LogDevObjectVersion:   Dev-Mobile (B02B49B5-BB20-44E9-A304-32B752E40360): 2
LogDevObjectVersion:   Dev-Networking (A4E4105C-59A1-49B5-A7C5-40C4547EDFEE): 0
LogDevObjectVersion:   Dev-Online (39C831C9-5AE6-47DC-9A44-9C173E1C8E7C): 0
LogDevObjectVersion:   Dev-Physics (78F01B33-EBEA-4F98-B9B4-84EACCB95AA2): 0
LogDevObjectVersion:   Dev-Platform (6631380F-2D4D-43E0-8009-CF276956A95A): 0
LogDevObjectVersion:   Dev-Rendering (12F88B9F-8875-4AFC-A67C-D90C383ABD29): 26
LogDevObjectVersion:   Dev-Sequencer (7B5AE74C-D270-4C10-A958-57980B212A5A): 9
LogDevObjectVersion:   Dev-VR (D7296918-1DD6-4BDD-9DE2-64A83CC13884): 2
LogDevObjectVersion:   Dev-LoadTimes (C2A15278-BFE7-4AFE-6C17-90FF531DF755): 1
LogDevObjectVersion:   Private-Geometry (6EACA3D4-40EC-4CC1-B786-8BED09428FC5): 3
LogDevObjectVersion:   Dev-AnimPhys (29E575DD-E0A3-4627-9D10-D276232CDCEA): 17
LogDevObjectVersion:   Dev-ReflectionCapture (6B266CEC-1EC7-4B8F-A30B-E4D90942FC07): 1
LogDevObjectVersion:   Dev-Automation (0DF73D61-A23F-47EA-B727-89E90C41499A): 1
LogDevObjectVersion:   FortniteMain (601D1886-AC64-4F84-AA16-D3DE0DEAC7D6): 12
LogDevObjectVersion:   Dev-Enterprise (9DFFBCD6-494F-0158-E221-12823C92A888): 1
LogStreaming: Display: Took  0.001s to delete old logs.
LogInit: Presizing for max 8388607 objects, including 0 objects not considered by GC, pre-allocating 0 bytes for permanent pool.
LogInit: Object subsystem initialized
[2019.03.25-14.09.48:645][  0]LogInit: Selected Device Profile: [Windows]
[2019.03.25-14.09.48:645][  0]LogInit: Applying CVar settings loaded from the selected device profile: [Windows]
[2019.03.25-14.09.48:683][  0]LogHAL: Display: Platform has ~ 32 GB [34262470656 / 34359738368 / 32], which maps to Largest [LargestMinGB=32, LargerMinGB=12, DefaultMinGB=8, SmallerMinGB=6, SmallestMinGB=0)
[2019.03.25-14.09.48:684][  0]LogInit: Setting Device Profile CVar: [[r.Vulkan.UseRealUBs:1]]
[2019.03.25-14.09.48:684][  0]LogInit: Going up to parent DeviceProfile []
[2019.03.25-14.09.48:684][  0]LogInit: Computer: C15003246
[2019.03.25-14.09.48:684][  0]LogInit: User: CSG17031341
[2019.03.25-14.09.48:684][  0]LogInit: CPU Page size=4096, Cores=6
[2019.03.25-14.09.48:684][  0]LogInit: High frequency timer resolution =3.410077 MHz
[2019.03.25-14.09.48:684][  0]LogMemory: Memory total: Physical=31.9GB (32GB approx)
[2019.03.25-14.09.48:684][  0]LogMemory: Platform Memory Stats for Windows
[2019.03.25-14.09.48:684][  0]LogMemory: Process Physical Memory: 103.57 MB used, 103.57 MB peak
[2019.03.25-14.09.48:684][  0]LogMemory: Process Virtual Memory: 89.47 MB used, 89.47 MB peak
[2019.03.25-14.09.48:684][  0]LogMemory: Physical Memory: 5305.14 MB used,  27370.09 MB free, 32675.24 MB total
[2019.03.25-14.09.48:685][  0]LogMemory: Virtual Memory: 536.28 MB used,  27370.09 MB free, 134217728.00 MB total
[2019.03.25-14.09.48:706][  0]LogInit: Using OS detected language (en-US).
[2019.03.25-14.09.48:706][  0]LogInit: Using OS detected locale (en-GB).
[2019.03.25-14.09.48:706][  0]LogTextLocalizationManager: No specific localization for 'en-US' exists, so the 'en' localization will be used.
[2019.03.25-14.09.49:079][  0]LogStreaming: Display: Took  0.373s to InitEngineTextLocalization.
[2019.03.25-14.09.49:079][  0]LogInit: Setting process to per monitor DPI aware
[2019.03.25-14.09.49:106][  0]LogSlate: New Slate User Created.  User Index 0, Is Virtual User: 0
[2019.03.25-14.09.49:106][  0]LogSlate: Slate User Registered.  User Index 0, Is Virtual User: 0
[2019.03.25-14.09.49:317][  0]LogHMD: Failed to initialize OpenVR with code 110
[2019.03.25-14.09.49:317][  0]LogD3D11RHI: D3D11 adapters:
[2019.03.25-14.09.49:372][  0]LogD3D11RHI:    0. 'NVIDIA GeForce GTX 970' (Feature Level 11_0)
[2019.03.25-14.09.49:372][  0]LogD3D11RHI:       4043/0/16337 MB DedicatedVideo/DedicatedSystem/SharedSystem, Outputs:1, VendorId:0x10de
[2019.03.25-14.09.49:373][  0]LogD3D11RHI:    1. 'Microsoft Basic Render Driver' (Feature Level 11_0)
[2019.03.25-14.09.49:373][  0]LogD3D11RHI:       0/0/16337 MB DedicatedVideo/DedicatedSystem/SharedSystem, Outputs:0, VendorId:0x1414
[2019.03.25-14.09.49:373][  0]LogD3D11RHI: Chosen D3D11 Adapter: 0
[2019.03.25-14.09.49:383][  0]LogD3D11RHI: Creating new Direct3DDevice
[2019.03.25-14.09.49:383][  0]LogD3D11RHI:     GPU DeviceId: 0x13c2 (for the marketing name, search the web for "GPU Device Id")
[2019.03.25-14.09.49:383][  0]LogWindows: EnumDisplayDevices:
[2019.03.25-14.09.49:383][  0]LogWindows:    0. 'NVIDIA GeForce GTX 970' (P:1 D:1)
[2019.03.25-14.09.49:384][  0]LogWindows:    1. 'NVIDIA GeForce GTX 970' (P:0 D:0)
[2019.03.25-14.09.49:384][  0]LogWindows:    2. 'NVIDIA GeForce GTX 970' (P:0 D:0)
[2019.03.25-14.09.49:385][  0]LogWindows:    3. 'NVIDIA GeForce GTX 970' (P:0 D:0)
[2019.03.25-14.09.49:385][  0]LogWindows: DebugString: FoundDriverCount:4 
[2019.03.25-14.09.49:385][  0]LogD3D11RHI:     Adapter Name: NVIDIA GeForce GTX 970
[2019.03.25-14.09.49:385][  0]LogD3D11RHI:   Driver Version: 399.24 (internal:24.21.13.9924, unified:399.24)
[2019.03.25-14.09.49:385][  0]LogD3D11RHI:      Driver Date: 9-5-2018
[2019.03.25-14.09.49:385][  0]LogRHI: Texture pool is 2830 MB (70% of 4043 MB)
[2019.03.25-14.09.49:444][  0]LogD3D11RHI: Async texture creation enabled
[2019.03.25-14.09.49:469][  0]LogD3D11RHI: GPU Timing Frequency: 1000.000000 (Debug: 2 2)
[2019.03.25-14.09.49:470][  0]LogShaderCompilers: Guid format shader working directory is -23 characters bigger than the processId version (../../../../../../Users/CSG17031341/Downloads/Team-Miyamoto/EscapeYourself/Intermediate/Shaders/WorkingDirectory/12712/).
[2019.03.25-14.09.49:470][  0]LogShaderCompilers: Cleaned the shader compiler working directory 'C:/Users/CSG17031341/AppData/Local/Temp/UnrealShaderWorkingDir/2120572E4841690C6A822FB5C252E2ED/'.
[2019.03.25-14.09.49:682][  0]LogTemp: Display: Loaded TP AllDesktopTargetPlatform
[2019.03.25-14.09.49:703][  0]LogTemp: Display: Loaded TP MacClientTargetPlatform
[2019.03.25-14.09.49:715][  0]LogTemp: Display: Loaded TP MacNoEditorTargetPlatform
[2019.03.25-14.09.49:728][  0]LogTemp: Display: Loaded TP MacServerTargetPlatform
[2019.03.25-14.09.49:741][  0]LogTemp: Display: Loaded TP MacTargetPlatform
[2019.03.25-14.09.49:753][  0]LogTemp: Display: Loaded TP WindowsClientTargetPlatform
[2019.03.25-14.09.49:765][  0]LogTemp: Display: Loaded TP WindowsNoEditorTargetPlatform
[2019.03.25-14.09.49:778][  0]LogTemp: Display: Loaded TP WindowsServerTargetPlatform
[2019.03.25-14.09.49:783][  0]LogTemp: Display: Loaded TP WindowsTargetPlatform
[2019.03.25-14.09.49:859][  0]LogTemp: Display: Loaded TP AndroidTargetPlatform
[2019.03.25-14.09.49:859][  0]LogTemp: Display: Loaded TP AndroidTargetPlatform
[2019.03.25-14.09.49:859][  0]LogTemp: Display: Loaded TP AndroidTargetPlatform
[2019.03.25-14.09.49:859][  0]LogTemp: Display: Loaded TP AndroidTargetPlatform
[2019.03.25-14.09.49:859][  0]LogTemp: Display: Loaded TP AndroidTargetPlatform
[2019.03.25-14.09.49:859][  0]LogTemp: Display: Loaded TP AndroidTargetPlatform
[2019.03.25-14.09.49:859][  0]LogTemp: Display: Loaded TP AndroidTargetPlatform
[2019.03.25-14.09.49:859][  0]LogTemp: Display: Loaded TP AndroidTargetPlatform
[2019.03.25-14.09.49:859][  0]LogTemp: Display: Loaded TP AndroidTargetPlatform
[2019.03.25-14.09.49:859][  0]LogTemp: Display: Loaded TP AndroidTargetPlatform
[2019.03.25-14.09.49:859][  0]LogTemp: Display: Loaded TP AndroidTargetPlatform
[2019.03.25-14.09.49:859][  0]LogTemp: Display: Loaded TP AndroidTargetPlatform
[2019.03.25-14.09.49:859][  0]LogTemp: Display: Loaded TP AndroidTargetPlatform
[2019.03.25-14.09.49:859][  0]LogTemp: Display: Loaded TP AndroidTargetPlatform
[2019.03.25-14.09.49:859][  0]LogTemp: Display: Loaded TP AndroidTargetPlatform
[2019.03.25-14.09.49:859][  0]LogTemp: Display: Loaded TP AndroidTargetPlatform
[2019.03.25-14.09.49:859][  0]LogTemp: Display: Loaded TP AndroidTargetPlatform
[2019.03.25-14.09.49:859][  0]LogTemp: Display: Loaded TP AndroidTargetPlatform
[2019.03.25-14.09.49:860][  0]LogTemp: Display: Loaded TP HTML5TargetPlatform
[2019.03.25-14.09.49:933][  0]LogTemp: Display: Loaded TP IOSTargetPlatform
[2019.03.25-14.09.49:933][  0]LogTemp: Display: Loaded TP IOSTargetPlatform
[2019.03.25-14.09.49:959][  0]LogTemp: Display: Loaded TP TVOSTargetPlatform
[2019.03.25-14.09.49:959][  0]LogTemp: Display: Loaded TP TVOSTargetPlatform
[2019.03.25-14.09.49:971][  0]LogTemp: Display: Loaded TP LinuxClientTargetPlatform
[2019.03.25-14.09.49:983][  0]LogTemp: Display: Loaded TP LinuxNoEditorTargetPlatform
[2019.03.25-14.09.49:994][  0]LogTemp: Display: Loaded TP LinuxServerTargetPlatform
[2019.03.25-14.09.50:006][  0]LogTemp: Display: Loaded TP LinuxTargetPlatform
[2019.03.25-14.09.50:015][  0]LogTemp: Display: Loaded TP LuminTargetPlatform
[2019.03.25-14.09.50:015][  0]LogTargetPlatformManager: Display: Building Assets For Windows
[2019.03.25-14.09.50:058][  0]LogXGEController: Cannot use XGE Controller as Incredibuild is not installed on this machine.
[2019.03.25-14.09.50:058][  0]LogShaderCompilers: Cannot use XGE Shader Compiler as Incredibuild is not installed on this machine.
[2019.03.25-14.09.50:058][  0]LogShaderCompilers: Display: Using Local Shader Compiler.
[2019.03.25-14.09.50:904][  0]LogDerivedDataCache: Display: Max Cache Size: 512 MB
[2019.03.25-14.09.50:983][  0]LogDerivedDataCache: Loaded boot cache 0.08s 87MB C:/Users/CSG17031341/AppData/Local/UnrealEngine/4.20/DerivedDataCache/Boot.ddc.
[2019.03.25-14.09.50:983][  0]LogDerivedDataCache: Display: Loaded Boot cache: C:/Users/CSG17031341/AppData/Local/UnrealEngine/4.20/DerivedDataCache/Boot.ddc
[2019.03.25-14.09.50:983][  0]LogDerivedDataCache: FDerivedDataBackendGraph:  Pak pak cache file ../../../../../../Users/CSG17031341/Downloads/Team-Miyamoto/EscapeYourself/DerivedDataCache/DDC.ddp not found, will not use a pak cache.
[2019.03.25-14.09.50:983][  0]LogDerivedDataCache: Unable to find inner node Pak for hierarchical cache Hierarchy.
[2019.03.25-14.09.50:983][  0]LogDerivedDataCache: FDerivedDataBackendGraph:  CompressedPak pak cache file ../../../../../../Users/CSG17031341/Downloads/Team-Miyamoto/EscapeYourself/DerivedDataCache/Compressed.ddp not found, will not use a pak cache.
[2019.03.25-14.09.50:983][  0]LogDerivedDataCache: Unable to find inner node CompressedPak for hierarchical cache Hierarchy.
[2019.03.25-14.09.50:999][  0]LogDerivedDataCache: Display: Pak cache opened for reading ../../../Engine/DerivedDataCache/Compressed.ddp.
[2019.03.25-14.09.51:011][  0]LogDerivedDataCache: Using Local data cache path C:/Users/CSG17031341/AppData/Local/UnrealEngine/Common/DerivedDataCache: Writable
[2019.03.25-14.09.51:011][  0]LogDerivedDataCache: Shared data cache path not found in *engine.ini, will not use an Shared cache.
[2019.03.25-14.09.51:011][  0]LogDerivedDataCache: Unable to find inner node Shared for hierarchical cache Hierarchy.
[2019.03.25-14.09.51:041][  0]LogMaterial: Verifying Global Shaders for PCD3D_SM5
[2019.03.25-14.09.51:043][  0]LogSlate: Using FreeType 2.6.0
[2019.03.25-14.09.51:043][  0]LogSlate: SlateFontServices - WITH_FREETYPE: 1, WITH_HARFBUZZ: 1
[2019.03.25-14.09.51:117][  0]LogAssetRegistry: FAssetRegistry took 0.0260 seconds to start up
[2019.03.25-14.09.51:455][  0]LogInit: Selected Device Profile: [Windows]
[2019.03.25-14.09.51:598][  0]LogSimplygon: Simplygon DLL not present - disabling.
[2019.03.25-14.09.51:601][  0]LogMeshReduction: Using SimplygonSwarm for distributed automatic mesh merging
[2019.03.25-14.09.51:601][  0]LogMeshReduction: Using ProxyLODMeshReduction for automatic mesh merging
[2019.03.25-14.09.51:601][  0]LogMeshReduction: Using QuadricMeshReduction for automatic static mesh reduction
[2019.03.25-14.09.51:601][  0]LogMeshReduction: No automatic skeletal mesh reduction module available
[2019.03.25-14.09.51:613][  0]LogNetVersion: EscapeYourself 1.0.0, NetCL: 4212847, EngineNetVer: 5, GameNetVer: 0 (Checksum: 1609423424)
[2019.03.25-14.09.52:075][  0]LogPackageLocalizationCache: Processed 11 localized package path(s) for 2 prioritized culture(s) in 0.091524 seconds
[2019.03.25-14.09.52:084][  0]LogUObjectArray: 38425 objects as part of root set at end of initial load.
[2019.03.25-14.09.52:084][  0]LogUObjectAllocator: 6690872 out of 0 bytes used by permanent object pool.
[2019.03.25-14.09.52:084][  0]LogUObjectArray: CloseDisregardForGC: 0/0 objects in disregard for GC pool
[2019.03.25-14.09.52:835][  0]LogTcpMessaging: Initializing TcpMessaging bridge
[2019.03.25-14.09.52:848][  0]LogUdpMessaging: Initializing bridge on interface 0.0.0.0:0 to multicast group 230.0.0.1:6666.
[2019.03.25-14.09.52:976][  0]SourceControl: Source control is disabled
[2019.03.25-14.09.52:976][  0]SourceControl: Source control is disabled
[2019.03.25-14.09.52:977][  0]SourceControl: Source control is disabled
[2019.03.25-14.09.52:978][  0]SourceControl: Source control is disabled
[2019.03.25-14.09.53:129][  0]LogAndroidPermission: UAndroidPermissionCallbackProxy::GetInstance
[2019.03.25-14.09.53:182][  0]LogOcInput: OculusInput pre-init called
[2019.03.25-14.09.53:239][  0]LogEngine: Initializing Engine...
[2019.03.25-14.09.53:240][  0]LogHMD: Failed to initialize OpenVR with code 110
[2019.03.25-14.09.53:241][  0]LogStats: UGameplayTagsManager::ConstructGameplayTagTree: ImportINI prefixes -  0.000 s
[2019.03.25-14.09.53:241][  0]LogStats: UGameplayTagsManager::ConstructGameplayTagTree: Construct from data asset -  0.000 s
[2019.03.25-14.09.53:241][  0]LogStats: UGameplayTagsManager::ConstructGameplayTagTree: ImportINI -  0.000 s
[2019.03.25-14.09.53:241][  0]LogStats: UGameplayTagsManager::ConstructGameplayTagTree: GameplayTagTreeChangedEvent.Broadcast -  0.000 s
[2019.03.25-14.09.53:477][  0]LogInit: Initializing FReadOnlyCVARCache
[2019.03.25-14.09.53:492][  0]LogAIModule: Creating AISystem for world Untitled
[2019.03.25-14.09.53:512][  0]LogInit: XAudio2 using 'Speakers (Realtek High Definition Audio)' : 2 channels at 48 kHz using 32 bits per sample (channel mask 0x3)
[2019.03.25-14.09.53:542][  0]LogInit: FAudioDevice initialized.
[2019.03.25-14.09.53:542][  0]LogNetVersion: Set ProjectVersion to 1.0.0.0. Version Checksum will be recalculated on next use.
[2019.03.25-14.09.53:633][  0]LogDerivedDataCache: Saved boot cache 0.09s 87MB C:/Users/CSG17031341/AppData/Local/UnrealEngine/4.20/DerivedDataCache/Boot.ddc.
[2019.03.25-14.09.53:648][  0]LogInit: Texture streaming: Enabled
[2019.03.25-14.09.53:672][  0]LogEngineSessionManager: EngineSessionManager initialized
[2019.03.25-14.09.53:684][  0]LogWindowsTextInputMethodSystem: Display: IME system now deactivated.
[2019.03.25-14.09.53:716][  0]LogInit: Transaction tracking system initialized
[2019.03.25-14.09.53:735][  0]BlueprintLog: New page: Editor Load
[2019.03.25-14.09.53:804][  0]LocalizationService: Localization service is disabled
[2019.03.25-14.09.54:053][  0]LogCook: Display: Max memory allowance for cook 16384mb min free memory 0mb
[2019.03.25-14.09.54:053][  0]LogCook: Display: Mobile HDR setting 1
[2019.03.25-14.09.54:053][  0]LogGameplayTags: Display: UGameplayTagsManager::DoneAddingNativeTags. DelegateIsBound: 0
[2019.03.25-14.09.54:053][  0]LogStats: UGameplayTagsManager::ConstructGameplayTagTree: ImportINI prefixes -  0.000 s
[2019.03.25-14.09.54:053][  0]LogStats: UGameplayTagsManager::ConstructGameplayTagTree: Construct from data asset -  0.000 s
[2019.03.25-14.09.54:054][  0]LogStats: UGameplayTagsManager::ConstructGameplayTagTree: ImportINI -  0.000 s
[2019.03.25-14.09.54:054][  0]LogStats: UGameplayTagsManager::ConstructGameplayTagTree: GameplayTagTreeChangedEvent.Broadcast -  0.000 s
[2019.03.25-14.09.54:141][  0]LogFileCache: Scanning file cache for directory 'C:/Users/CSG17031341/Downloads/Team-Miyamoto/EscapeYourself/Content/' took 0.02s
[2019.03.25-14.09.54:141][  0]SourceControl: Source control is disabled
[2019.03.25-14.09.54:141][  0]Cmd: MAP LOAD FILE="../../../../../../Users/CSG17031341/Downloads/Team-Miyamoto/EscapeYourself/Content/ThirdPersonBP/Maps/ThirdPersonExampleMap.umap" TEMPLATE=0 SHOWPROGRESS=1 FEATURELEVEL=3
[2019.03.25-14.09.54:141][  0]LightingResults: New page: Lighting Build
[2019.03.25-14.09.54:143][  0]MapCheck: New page: Map Check
[2019.03.25-14.09.54:143][  0]LightingResults: New page: Lighting Build
[2019.03.25-14.09.55:058][  0]LogTexture: Display: Building textures: HQ_Lightmap1_13 (AutoDXT, 256X256)
[2019.03.25-14.09.55:058][  0]LogTexture: Display: Building textures: HQ_Lightmap1_10 (AutoDXT, 256X256)
[2019.03.25-14.09.55:058][  0]LogTexture: Display: Building textures: HQ_Lightmap1_11 (AutoDXT, 256X256)
[2019.03.25-14.09.55:058][  0]LogTexture: Display: Building textures: HQ_Lightmap0_3 (AutoDXT, 256X256)
[2019.03.25-14.09.55:058][  0]LogTexture: Display: Building textures: HQ_Lightmap1_12 (AutoDXT, 256X256)
[2019.03.25-14.09.55:058][  0]LogTexture: Display: Building textures: HQ_Lightmap1_16 (AutoDXT, 256X256)
[2019.03.25-14.09.55:058][  0]LogTexture: Display: Building textures: HQ_Lightmap1_15 (AutoDXT, 256X256)
[2019.03.25-14.09.55:058][  0]LogTexture: Display: Building textures: HQ_Lightmap1_14 (AutoDXT, 256X256)
[2019.03.25-14.09.55:058][  0]LogTexture: Display: Building textures: HQ_Lightmap1_17 (AutoDXT, 256X256)
[2019.03.25-14.09.55:058][  0]LogTexture: Display: Building textures: HQ_Lightmap1_18 (AutoDXT, 256X256)
[2019.03.25-14.09.55:058][  0]LogTexture: Display: Building textures: HQ_Lightmap1_19 (AutoDXT, 256X256)
[2019.03.25-14.09.55:058][  0]LogTexture: Display: Building textures: HQ_Lightmap1_22 (AutoDXT, 128X128)
[2019.03.25-14.09.55:058][  0]LogTexture: Display: Building textures: HQ_Lightmap1_21 (AutoDXT, 128X128)
[2019.03.25-14.09.55:058][  0]LogTexture: Display: Building textures: HQ_Lightmap1_20 (AutoDXT, 256X256)
[2019.03.25-14.09.55:058][  0]LogTexture: Display: Building textures: HQ_Lightmap1_23 (AutoDXT, 64X64)
[2019.03.25-14.09.55:058][  0]LogTexture: Display: Building textures: HQ_Lightmap1_4 (AutoDXT, 256X256)
[2019.03.25-14.09.55:058][  0]LogTexture: Display: Building textures: HQ_Lightmap1_5 (AutoDXT, 256X256)
[2019.03.25-14.09.55:058][  0]LogTexture: Display: Building textures: HQ_Lightmap1_6 (AutoDXT, 256X256)
[2019.03.25-14.09.55:058][  0]LogTexture: Display: Building textures: HQ_Lightmap0_2 (AutoDXT, 1024X1024)
[2019.03.25-14.09.55:058][  0]LogTexture: Display: Building textures: HQ_Lightmap1_7 (AutoDXT, 256X256)
[2019.03.25-14.09.55:058][  0]LogTexture: Display: Building textures: HQ_Lightmap0_1 (AutoDXT, 1024X1024)
[2019.03.25-14.09.55:058][  0]LogTexture: Display: Building textures: HQ_Lightmap1_8 (AutoDXT, 256X256)
[2019.03.25-14.09.55:058][  0]LogTexture: Display: Building textures: HQ_Lightmap1_9 (AutoDXT, 256X256)
[2019.03.25-14.09.55:058][  0]LogTexture: Display: Building textures: LQ_Lightmap_0_3 (DXT1, 256X256)
[2019.03.25-14.09.55:058][  0]LogTexture: Display: Building textures: LQ_Lightmap_1_10 (DXT1, 256X256)
[2019.03.25-14.09.55:058][  0]LogTexture: Display: Building textures: LQ_Lightmap_1_11 (DXT1, 256X256)
[2019.03.25-14.09.55:058][  0]LogTexture: Display: Building textures: LQ_Lightmap_1_12 (DXT1, 256X256)
[2019.03.25-14.09.55:058][  0]LogTexture: Display: Building textures: LQ_Lightmap_0_2 (DXT1, 1024X1024)
[2019.03.25-14.09.55:058][  0]LogTexture: Display: Building textures: LQ_Lightmap_0_1 (DXT1, 1024X1024)
[2019.03.25-14.09.55:058][  0]LogTexture: Display: Building textures: LQ_Lightmap_1_13 (DXT1, 256X256)
[2019.03.25-14.09.55:058][  0]LogTexture: Display: Building textures: LQ_Lightmap_1_14 (DXT1, 256X256)
[2019.03.25-14.09.55:058][  0]LogTexture: Display: Building textures: LQ_Lightmap_1_15 (DXT1, 256X256)
[2019.03.25-14.09.55:058][  0]LogTexture: Display: Building textures: LQ_Lightmap_1_16 (DXT1, 256X256)
[2019.03.25-14.09.55:058][  0]LogTexture: Display: Building textures: LQ_Lightmap_1_17 (DXT1, 256X256)
[2019.03.25-14.09.55:058][  0]LogTexture: Display: Building textures: LQ_Lightmap_1_18 (DXT1, 256X256)
[2019.03.25-14.09.55:058][  0]LogTexture: Display: Building textures: LQ_Lightmap_1_19 (DXT1, 256X256)
[2019.03.25-14.09.55:058][  0]LogTexture: Display: Building textures: LQ_Lightmap_1_20 (DXT1, 256X256)
[2019.03.25-14.09.55:058][  0]LogTexture: Display: Building textures: LQ_Lightmap_1_23 (DXT1, 64X64)
[2019.03.25-14.09.55:058][  0]LogTexture: Display: Building textures: LQ_Lightmap_1_22 (DXT1, 128X128)
[2019.03.25-14.09.55:059][  0]LogTexture: Display: Building textures: LQ_Lightmap_1_21 (DXT1, 128X128)
[2019.03.25-14.09.55:059][  0]LogTexture: Display: Building textures: LQ_Lightmap_1_4 (DXT1, 256X256)
[2019.03.25-14.09.55:059][  0]LogTexture: Display: Building textures: LQ_Lightmap_1_5 (DXT1, 256X256)
[2019.03.25-14.09.55:059][  0]LogTexture: Display: Building textures: LQ_Lightmap_1_6 (DXT1, 256X256)
[2019.03.25-14.09.55:059][  0]LogTexture: Display: Building textures: LQ_Lightmap_1_7 (DXT1, 256X256)
[2019.03.25-14.09.55:059][  0]LogTexture: Display: Building textures: LQ_Lightmap_1_8 (DXT1, 256X256)
[2019.03.25-14.09.55:059][  0]LogTexture: Display: Building textures: LQ_Lightmap_1_9 (DXT1, 256X256)
[2019.03.25-14.09.55:059][  0]LogTexture: Display: Building textures: SkyOcclusion0_2 (AutoDXT, 1024X512)
[2019.03.25-14.09.55:059][  0]LogTexture: Display: Building textures: SkyOcclusion0_1 (AutoDXT, 1024X512)
[2019.03.25-14.09.55:059][  0]LogTexture: Display: Building textures: SkyOcclusion0_3 (AutoDXT, 256X128)
[2019.03.25-14.09.55:059][  0]LogTexture: Display: Building textures: SkyOcclusion1_10 (AutoDXT, 256X128)
[2019.03.25-14.09.55:059][  0]LogTexture: Display: Building textures: SkyOcclusion1_11 (AutoDXT, 256X128)
[2019.03.25-14.09.55:059][  0]LogTexture: Display: Building textures: SkyOcclusion1_12 (AutoDXT, 256X128)
[2019.03.25-14.09.55:059][  0]LogTexture: Display: Building textures: SkyOcclusion1_13 (AutoDXT, 256X128)
[2019.03.25-14.09.55:059][  0]LogTexture: Display: Building textures: SkyOcclusion1_15 (AutoDXT, 256X128)
[2019.03.25-14.09.55:059][  0]LogTexture: Display: Building textures: SkyOcclusion1_16 (AutoDXT, 256X128)
[2019.03.25-14.09.55:059][  0]LogTexture: Display: Building textures: SkyOcclusion1_17 (AutoDXT, 256X128)
[2019.03.25-14.09.55:059][  0]LogTexture: Display: Building textures: SkyOcclusion1_14 (AutoDXT, 256X128)
[2019.03.25-14.09.55:059][  0]LogTexture: Display: Building textures: SkyOcclusion1_18 (AutoDXT, 256X128)
[2019.03.25-14.09.55:059][  0]LogTexture: Display: Building textures: SkyOcclusion1_19 (AutoDXT, 256X128)
[2019.03.25-14.09.55:059][  0]LogTexture: Display: Building textures: SkyOcclusion1_20 (AutoDXT, 256X128)
[2019.03.25-14.09.55:059][  0]LogTexture: Display: Building textures: SkyOcclusion1_21 (AutoDXT, 128X64)
[2019.03.25-14.09.55:059][  0]LogTexture: Display: Building textures: SkyOcclusion1_22 (AutoDXT, 128X64)
[2019.03.25-14.09.55:059][  0]LogTexture: Display: Building textures: SkyOcclusion1_23 (AutoDXT, 64X32)
[2019.03.25-14.09.55:059][  0]LogTexture: Display: Building textures: SkyOcclusion1_4 (AutoDXT, 256X128)
[2019.03.25-14.09.55:059][  0]LogTexture: Display: Building textures: SkyOcclusion1_5 (AutoDXT, 256X128)
[2019.03.25-14.09.55:059][  0]LogTexture: Display: Building textures: SkyOcclusion1_6 (AutoDXT, 256X128)
[2019.03.25-14.09.55:059][  0]LogTexture: Display: Building textures: SkyOcclusion1_7 (AutoDXT, 256X128)
[2019.03.25-14.09.55:059][  0]LogTexture: Display: Building textures: SkyOcclusion1_8 (AutoDXT, 256X128)
[2019.03.25-14.09.55:059][  0]LogTexture: Display: Building textures: SkyOcclusion1_9 (AutoDXT, 256X128)
[2019.03.25-14.09.55:059][  0]LogTexture: Display: Building textures: ShadowMapTexture2D_129 (G8, 256X64)
[2019.03.25-14.09.55:059][  0]LogTexture: Display: Building textures: ShadowMapTexture2D_130 (G8, 256X64)
[2019.03.25-14.09.55:059][  0]LogTexture: Display: Building textures: ShadowMapTexture2D_131 (G8, 256X64)
[2019.03.25-14.09.55:059][  0]LogTexture: Display: Building textures: ShadowMapTexture2D_132 (G8, 256X64)
[2019.03.25-14.09.55:059][  0]LogTexture: Display: Building textures: ShadowMapTexture2D_133 (G8, 256X64)
[2019.03.25-14.09.55:059][  0]LogTexture: Display: Building textures: ShadowMapTexture2D_134 (G8, 256X64)
[2019.03.25-14.09.55:059][  0]LogTexture: Display: Building textures: ShadowMapTexture2D_135 (G8, 256X64)
[2019.03.25-14.09.55:059][  0]LogTexture: Display: Building textures: ShadowMapTexture2D_136 (G8, 256X64)
[2019.03.25-14.09.55:059][  0]LogTexture: Display: Building textures: ShadowMapTexture2D_137 (G8, 256X64)
[2019.03.25-14.09.55:059][  0]LogTexture: Display: Building textures: ShadowMapTexture2D_138 (G8, 256X64)
[2019.03.25-14.09.55:059][  0]LogTexture: Display: Building textures: ShadowMapTexture2D_139 (G8, 256X64)
[2019.03.25-14.09.55:059][  0]LogTexture: Display: Building textures: ShadowMapTexture2D_140 (G8, 256X64)
[2019.03.25-14.09.55:059][  0]LogTexture: Display: Building textures: ShadowMapTexture2D_141 (G8, 256X64)
[2019.03.25-14.09.55:059][  0]LogTexture: Display: Building textures: ShadowMapTexture2D_142 (G8, 256X64)
[2019.03.25-14.09.55:059][  0]LogTexture: Display: Building textures: ShadowMapTexture2D_143 (G8, 256X64)
[2019.03.25-14.09.55:059][  0]LogTexture: Display: Building textures: ShadowMapTexture2D_144 (G8, 256X64)
[2019.03.25-14.09.55:059][  0]LogTexture: Display: Building textures: ShadowMapTexture2D_145 (G8, 256X64)
[2019.03.25-14.09.55:059][  0]LogTexture: Display: Building textures: ShadowMapTexture2D_146 (G8, 128X64)
[2019.03.25-14.09.55:060][  0]LogTexture: Display: Building textures: ShadowMapTexture2D_148 (G8, 32X32)
[2019.03.25-14.09.55:060][  0]LogTexture: Display: Building textures: ShadowMapTexture2D_147 (G8, 128X64)
[2019.03.25-14.09.55:060][  0]LogTexture: Display: Building textures: ShadowMapTexture2D_128 (BGRA8, 1024X1024)
[2019.03.25-14.09.55:060][  0]LogTexture: Display: Building textures: Texture2D_0 (BGRA8, 512X512)
[2019.03.25-14.09.55:229][  0]LogMaterial: Display: Missing cached shader map for material M_Ground_Grass, compiling. 
[2019.03.25-14.09.55:324][  0]LogAIModule: Creating AISystem for world ThirdPersonExampleMap
[2019.03.25-14.09.55:435][  0]LogShaderCompilers: Display: Shaders left to compile 60
[2019.03.25-14.09.55:435][  0]LogShaderCompilers: Display: Shaders left to compile 50
[2019.03.25-14.09.55:435][  0]LogShaderCompilers: Display: Shaders left to compile 40
[2019.03.25-14.09.55:435][  0]LogShaderCompilers: Display: Shaders left to compile 30
[2019.03.25-14.09.55:435][  0]LogShaderCompilers: Display: Shaders left to compile 20
[2019.03.25-14.09.55:435][  0]LogShaderCompilers: Display: Shaders left to compile 10
[2019.03.25-14.09.55:435][  0]LogEditorServer: Finished looking for orphan Actors (0.000 secs)
[2019.03.25-14.09.55:467][  0]Cmd: MAP CHECKDEP NOCLEARLOG
[2019.03.25-14.09.55:555][  0]MapCheck: Map check complete: 0 Error(s), 0 Warning(s), took 87.524ms to complete.
[2019.03.25-14.09.55:555][  0]LogFileHelpers: Loading map 'ThirdPersonExampleMap' took 1.414
[2019.03.25-14.09.55:657][  0]LogSlate: Updating window title bar state: overlay mode, drag disabled, window buttons hidden, title bar hidden
[2019.03.25-14.09.55:665][  0]LogSlate: Updating window title bar state: overlay mode, drag disabled, window buttons hidden, title bar hidden
[2019.03.25-14.09.55:671][  0]LogSlate: Updating window title bar state: overlay mode, drag disabled, window buttons hidden, title bar hidden
[2019.03.25-14.09.55:677][  0]LogSlate: Updating window title bar state: overlay mode, drag disabled, window buttons hidden, title bar hidden
[2019.03.25-14.09.55:689][  0]LogCollectionManager: Loaded 0 collections in 0.001004 seconds
[2019.03.25-14.09.55:740][  0]LogFileCache: Scanning file cache for directory 'C:/Users/CSG17031341/Downloads/Team-Miyamoto/EscapeYourself/Saved/Collections/' took 0.01s
[2019.03.25-14.09.55:740][  0]LogFileCache: Scanning file cache for directory 'C:/Users/CSG17031341/Downloads/Team-Miyamoto/EscapeYourself/Content/Developers/CSG17031341/Collections/' took 0.01s
[2019.03.25-14.09.55:740][  0]LogFileCache: Scanning file cache for directory 'C:/Users/CSG17031341/Downloads/Team-Miyamoto/EscapeYourself/Content/Collections/' took 0.01s
[2019.03.25-14.09.55:740][  0]LogCollectionManager: Rebuilt the GUID cache for 0 collections in 0.000000 seconds
[2019.03.25-14.09.55:752][  0]LogContentBrowser: Native class hierarchy populated in 0.0106 seconds. Added 2572 classes and 603 folders.
[2019.03.25-14.09.55:762][  0]LogContentBrowser: Native class hierarchy updated for 'WidgetCarousel' in 0.0002 seconds. Added 0 classes and 0 folders.
[2019.03.25-14.09.56:086][  0]LogContentBrowser: Native class hierarchy updated for 'AddContentDialog' in 0.0003 seconds. Added 0 classes and 0 folders.
[2019.03.25-14.09.56:101][  0]LogContentBrowser: Native class hierarchy updated for 'SceneOutliner' in 0.0004 seconds. Added 1 classes and 2 folders.
[2019.03.25-14.09.56:156][  0]LogSlate: Took 0.000211 seconds to synchronously load lazily loaded font '../../../Engine/Content/Slate/Fonts/Roboto-Regular.ttf' (155K)
[2019.03.25-14.09.56:159][  0]LogSlate: Took 0.000186 seconds to synchronously load lazily loaded font '../../../Engine/Content/Slate/Fonts/Roboto-Bold.ttf' (160K)
[2019.03.25-14.09.56:172][  0]LogSlate: Took 0.005871 seconds to synchronously load lazily loaded font '../../../Engine/Content/Editor/Slate/Fonts/FontAwesome.ttf' (139K)
[2019.03.25-14.09.56:338][  0]LogRenderer: Reallocating scene render targets to support 1208x576 Format 10 NumSamples 1 (Frame:1).
[2019.03.25-14.09.56:512][  0]LogSlate: FSceneViewport::OnFocusLost() reason 2
[2019.03.25-14.09.56:532][  0]LogSlate: Window 'Tutorials' being destroyed
[2019.03.25-14.09.56:563][  0]LogContentBrowser: Native class hierarchy updated for 'HierarchicalLODOutliner' in 0.0004 seconds. Added 0 classes and 0 folders.
[2019.03.25-14.09.56:563][  0]LogLoad: (Engine Initialization) Total time: 10.10 seconds
[2019.03.25-14.09.56:563][  0]LogLoad: (Engine Initialization) Total Blueprint compile time: 0.00 seconds
[2019.03.25-14.09.56:599][  0]LogContentStreaming: Texture pool size now 1000 MB
[2019.03.25-14.09.56:642][  0]LogSlate: Took 0.007107 seconds to synchronously load lazily loaded font '../../../Engine/Content/Slate/Fonts/Roboto-Light.ttf' (167K)
[2019.03.25-14.09.56:694][  2]LogAssetRegistry: Asset discovery search completed in 5.5984 seconds
[2019.03.25-14.09.56:696][  2]LogCollectionManager: Rebuilt the object cache for 0 collections in 0.000001 seconds (found 0 objects)
[2019.03.25-14.09.56:696][  2]LogCollectionManager: Fixed up redirectors for 0 collections in 0.000065 seconds (updated 0 objects)
[2019.03.25-14.14.28:802][417]LogEditorViewport: Clicking on Actor (context menu): StaticMeshActor (Wall11)
[2019.03.25-14.14.28:943][417]LogSlate: FSceneViewport::OnFocusLost() reason 2
[2019.03.25-14.14.30:511][575]LogEditorViewport: Clicking on Actor (LMB): Landscape (Landscape)
[2019.03.25-14.14.33:508][912]LogEditorViewport: Clicking on Actor (LMB): StaticMeshActor (Wall8)
[2019.03.25-14.14.40:979][794]LogSlate: FSceneViewport::OnFocusLost() reason 0
[2019.03.25-14.14.42:834][ 11]LogEditorViewport: Clicking on Actor (LMB): StaticMeshActor (Wall7)
[2019.03.25-14.14.45:358][300]LogEditorViewport: Clicking on Actor (LMB): StaticMeshActor (Wall10)
[2019.03.25-14.14.46:783][459]LogEditorViewport: Clicking on Actor (LMB): StaticMeshActor (Wall14)
[2019.03.25-14.14.48:635][665]LogEditorViewport: Clicking on Actor (LMB): StaticMeshActor (Wall8)
[2019.03.25-14.14.49:697][786]LogSlate: FSceneViewport::OnFocusLost() reason 0
[2019.03.25-14.14.53:061][185]LogEditorViewport: Clicking on Actor (LMB): LightmassImportanceVolume (LightmassImportanceVolume)
[2019.03.25-14.14.54:083][301]LogEditorViewport: Clicking on Actor (LMB): StaticMeshActor (Wall8)
[2019.03.25-14.14.56:762][602]LogEditorViewport: Clicking on Actor (LMB): StaticMeshActor (Floor)
[2019.03.25-14.14.56:866][609]LogEditorViewport: Clicking on Component (LMB): StaticMeshComponent (StaticMeshComponent0)
[2019.03.25-14.14.57:734][705]LogEditorViewport: Clicking on Component (LMB): StaticMeshComponent (StaticMeshComponent0)
[2019.03.25-14.14.58:008][735]LogEditorViewport: Clicking on Component (LMB): StaticMeshComponent (StaticMeshComponent0)
[2019.03.25-14.14.59:007][852]LogEditorViewport: Clicking on Actor (LMB): StaticMeshActor (Wall8)
[2019.03.25-14.15.00:256][993]Cmd: EDIT COPY
[2019.03.25-14.15.00:972][ 76]Cmd: EDIT PASTE
[2019.03.25-14.15.05:980][649]LogEditorViewport: Clicking on Actor (LMB): Landscape (Landscape)
[2019.03.25-14.15.51:965][ 80]LogSlate: FSceneViewport::OnFocusLost() reason 0
[2019.03.25-14.15.52:065][ 92]MapCheck: New page: Map Check
[2019.03.25-14.15.52:081][ 92]Cmd: MAP REBUILD ALLVISIBLE
[2019.03.25-14.15.52:081][ 92]LogEditorServer: Rebuildmap Clear paths rebuilt
[2019.03.25-14.15.52:153][ 92]LogMaterial: Display: Missing cached shader map for material FDebugViewModeMaterialProxy MaterialInstanceDynamic_0, compiling. 
[2019.03.25-14.15.52:160][ 92]LogMaterial: Display: Missing cached shader map for material FDebugViewModeMaterialProxy CubeMaterial, compiling. 
[2019.03.25-14.15.52:166][ 92]LogShaderCompilers: Display: Shaders left to compile 2
[2019.03.25-14.15.52:166][ 92]LogShaderCompilers: Display: Shaders left to compile 1
[2019.03.25-14.15.52:166][ 92]LogMaterial: Display: Missing cached shader map for material FDebugViewModeMaterialProxy LandscapeGizmo_Mat, compiling. 
[2019.03.25-14.15.52:172][ 92]LogMaterial: Display: Missing cached shader map for material FDebugViewModeMaterialProxy M_UE4Man_Body, compiling. 
[2019.03.25-14.15.52:181][ 92]LogMaterial: Display: Missing cached shader map for material FDebugViewModeMaterialProxy M_UE4Man_ChestLogo, compiling. 
[2019.03.25-14.15.52:189][ 92]LogMaterial: Display: Missing cached shader map for material FDebugViewModeMaterialProxy MatineeCam_mat, compiling. 
[2019.03.25-14.15.52:876][ 92]LogShaderCompilers: Display: Shaders left to compile 3
[2019.03.25-14.15.52:876][ 92]LogShaderCompilers: Display: Shaders left to compile 2
[2019.03.25-14.15.52:876][ 92]LogShaderCompilers: Display: Shaders left to compile 1
[2019.03.25-14.15.52:876][ 92]LogShaderCompilers: Display: Shaders left to compile 1
[2019.03.25-14.15.52:876][ 92]TextureStreamingBuild: Display: Compiling optional shaders took 0.729 seconds.
[2019.03.25-14.15.52:914][ 92]LogLevel: Display: Export Material TexCoord Scales took 0.037 seconds.
[2019.03.25-14.15.52:925][ 92]TextureStreamingBuild: Display: Build Texture Streaming took 0.011 seconds.
[2019.03.25-14.15.52:960][ 92]LightingResults: New page: Lighting Build - 25 Mar 2019 14:15:52
[2019.03.25-14.15.53:055][ 92]LogSwarmInterface: [OpenConnection] Registering TCP channel ...
[2019.03.25-14.15.53:130][ 92]LogSwarmInterface: [OpenConnection] Connecting to agent ...
[2019.03.25-14.15.53:151][ 92]LogSwarmInterface: [TryOpenConnection] Testing the Agent
[2019.03.25-14.15.54:237][ 92]LogSwarmInterface: [TryOpenConnection] Opening Connection to Agent
[2019.03.25-14.15.54:237][ 92]LogSwarmInterface: [TryOpenConnection] Local Process ID is 12712
[2019.03.25-14.15.58:638][ 92]LogStaticLightingSystem: Running Lightmass w/ ImmediateImport mode ENABLED
[2019.03.25-14.15.58:638][ 92]LogStaticLightingSystem: Running Lightmass w/ ImmediateProcess mode ENABLED
[2019.03.25-14.15.58:638][ 92]LogStaticLightingSystem: Running Lightmass w/ Sorting mode ENABLED
[2019.03.25-14.15.58:638][ 92]LogStaticLightingSystem: Running Lightmass w/ Mapping paddings ENABLED
[2019.03.25-14.15.58:638][ 92]LogStaticLightingSystem: Running Lightmass w/ Mapping debug paddings DISABLED
[2019.03.25-14.15.58:897][ 92]Cmd: MAP CHECK DONTDISPLAYDIALOG
[2019.03.25-14.15.58:897][ 92]MapCheck: New page: ThirdPersonExampleMap - 25 Mar 2019 14:15:58
[2019.03.25-14.15.58:897][ 92]MapCheck: Error: WorldInfo_0 Maps need lighting rebuilt 
[2019.03.25-14.15.58:968][ 92]MapCheck: Map check complete: 1 Error(s), 0 Warning(s), took 71.135ms to complete.
[2019.03.25-14.15.58:991][ 92]LogEditorBuildUtils: Build time 0:06
[2019.03.25-14.15.58:997][ 92]LogSlate: FSceneViewport::OnFocusLost() reason 2
[2019.03.25-14.15.59:017][ 92]LogMaterial: Display: Missing cached shader map for material FLightmassMaterialRenderer MaterialInstanceDynamic_0, compiling. 
[2019.03.25-14.15.59:025][ 92]LogShaderCompilers: Display: Shaders left to compile 2
[2019.03.25-14.15.59:025][ 92]LogMaterial: Display: Missing cached shader map for material FLightmassMaterialRenderer MaterialInstanceDynamic_0, compiling. 
[2019.03.25-14.15.59:080][ 93]LogShaderCompilers: Display: Shaders left to compile 2
[2019.03.25-14.15.59:088][ 93]LogMaterial: Display: Missing cached shader map for material FLightmassMaterialRenderer CubeMaterial, compiling. 
[2019.03.25-14.15.59:100][ 93]LogShaderCompilers: Display: Shaders left to compile 2
[2019.03.25-14.15.59:100][ 93]LogMaterial: Display: Missing cached shader map for material FLightmassMaterialRenderer CubeMaterial, compiling. 
[2019.03.25-14.15.59:119][ 93]LogShaderCompilers: Display: Shaders left to compile 2
[2019.03.25-14.15.59:134][ 94]LogMaterial: Display: Missing cached shader map for material FLightmassMaterialRenderer LandscapeMaterialInstanceConstant_1, compiling. 
[2019.03.25-14.15.59:142][ 94]LogShaderCompilers: Display: Shaders left to compile 2
[2019.03.25-14.15.59:142][ 94]LogMaterial: Display: Missing cached shader map for material FLightmassMaterialRenderer LandscapeMaterialInstanceConstant_1, compiling. 
[2019.03.25-14.15.59:175][ 94]LogShaderCompilers: Display: Shaders left to compile 2
[2019.03.25-14.16.00:473][144]LogMaterial: Display: Missing cached shader map for material FLightmassMaterialRenderer WorldGridMaterial, compiling. Is special engine material.
[2019.03.25-14.16.00:480][144]LogMaterial: Display: Missing cached shader map for material FLightmassMaterialRenderer WorldGridMaterial, compiling. Is special engine material.
[2019.03.25-14.16.00:490][145]LogShaderCompilers: Display: Shaders left to compile 4
[2019.03.25-14.16.01:156][146]LogSlate: Window 'Message Log' being destroyed
[2019.03.25-14.16.01:190][146]LogSlate: Window 'Message Log' being destroyed
[2019.03.25-14.16.19:460][537]Job is a success!
[2019.03.25-14.16.19:478][538]LogSlate: Took 0.000160 seconds to synchronously load lazily loaded font '../../../Engine/Content/Slate/Fonts/Roboto-Light.ttf' (167K)
[2019.03.25-14.16.19:479][538]LogSlate: FSceneViewport::OnFocusLost() reason 2
[2019.03.25-14.16.19:546][538]LogVolumetricLightmapImport: Imported Volumetric Lightmap in 0.013s
[2019.03.25-14.16.19:546][538]LogVolumetricLightmapImport:      Indirection Texture 16x16x16 = 0.0Mb
[2019.03.25-14.16.19:546][538]LogVolumetricLightmapImport:      BrickData 765x5x5 = 0.7Mb
[2019.03.25-14.16.19:546][538]LogVolumetricLightmapImport:      Bricks at Level
[2019.03.25-14.16.19:546][538]LogVolumetricLightmapImport:          0: 0.7% covering 100.0% of volume
[2019.03.25-14.16.19:546][538]LogVolumetricLightmapImport:          1: 5.9% covering 14.1% of volume
[2019.03.25-14.16.19:546][538]LogVolumetricLightmapImport:          2: 93.5% covering 3.5% of volume
[2019.03.25-14.16.20:468][538]LogTexture: Display: Building textures: SkyOcclusion1_1 (AutoDXT, 1024X512)
[2019.03.25-14.16.20:468][538]LogTexture: Display: Building textures: HQ_Lightmap1_1 (AutoDXT, 1024X1024)
[2019.03.25-14.16.20:468][538]LogTexture: Display: Building textures: LQ_Lightmap_1_1 (DXT1, 1024X1024)
[2019.03.25-14.16.20:468][538]LogTexture: Display: Building textures: SkyOcclusion1_2 (AutoDXT, 1024X512)
[2019.03.25-14.16.20:468][538]LogTexture: Display: Building textures: HQ_Lightmap1_2 (AutoDXT, 1024X1024)
[2019.03.25-14.16.20:468][538]LogTexture: Display: Building textures: LQ_Lightmap_1_2 (DXT1, 1024X1024)
[2019.03.25-14.16.20:468][538]LogTexture: Display: Building textures: SkyOcclusion1_3 (AutoDXT, 1024X512)
[2019.03.25-14.16.20:468][538]LogTexture: Display: Building textures: HQ_Lightmap1_3 (AutoDXT, 1024X1024)
[2019.03.25-14.16.20:468][538]LogTexture: Display: Building textures: LQ_Lightmap_1_3 (DXT1, 1024X1024)
[2019.03.25-14.16.20:468][538]LogTexture: Display: Building textures: SkyOcclusion0_4 (AutoDXT, 256X128)
[2019.03.25-14.16.20:468][538]LogTexture: Display: Building textures: HQ_Lightmap0_4 (AutoDXT, 256X256)
[2019.03.25-14.16.20:468][538]LogTexture: Display: Building textures: LQ_Lightmap_0_4 (DXT1, 256X256)
[2019.03.25-14.16.20:468][538]LogTexture: Display: Building textures: SkyOcclusion0_5 (AutoDXT, 256X128)
[2019.03.25-14.16.20:468][538]LogTexture: Display: Building textures: HQ_Lightmap0_5 (AutoDXT, 256X256)
[2019.03.25-14.16.20:468][538]LogTexture: Display: Building textures: LQ_Lightmap_0_5 (DXT1, 256X256)
[2019.03.25-14.16.20:468][538]LogTexture: Display: Building textures: SkyOcclusion0_6 (AutoDXT, 256X128)
[2019.03.25-14.16.20:468][538]LogTexture: Display: Building textures: HQ_Lightmap0_6 (AutoDXT, 256X256)
[2019.03.25-14.16.20:468][538]LogTexture: Display: Building textures: LQ_Lightmap_0_6 (DXT1, 256X256)
[2019.03.25-14.16.20:468][538]LogTexture: Display: Building textures: SkyOcclusion0_7 (AutoDXT, 256X128)
[2019.03.25-14.16.20:468][538]LogTexture: Display: Building textures: HQ_Lightmap0_7 (AutoDXT, 256X256)
[2019.03.25-14.16.20:468][538]LogTexture: Display: Building textures: LQ_Lightmap_0_7 (DXT1, 256X256)
[2019.03.25-14.16.20:468][538]LogTexture: Display: Building textures: SkyOcclusion0_8 (AutoDXT, 256X128)
[2019.03.25-14.16.20:468][538]LogTexture: Display: Building textures: HQ_Lightmap0_8 (AutoDXT, 256X256)
[2019.03.25-14.16.20:468][538]LogTexture: Display: Building textures: LQ_Lightmap_0_8 (DXT1, 256X256)
[2019.03.25-14.16.20:468][538]LogTexture: Display: Building textures: SkyOcclusion0_9 (AutoDXT, 256X128)
[2019.03.25-14.16.20:468][538]LogTexture: Display: Building textures: HQ_Lightmap0_9 (AutoDXT, 256X256)
[2019.03.25-14.16.20:468][538]LogTexture: Display: Building textures: LQ_Lightmap_0_9 (DXT1, 256X256)
[2019.03.25-14.16.20:468][538]LogTexture: Display: Building textures: SkyOcclusion0_10 (AutoDXT, 128X64)
[2019.03.25-14.16.20:468][538]LogTexture: Display: Building textures: HQ_Lightmap0_10 (AutoDXT, 128X128)
[2019.03.25-14.16.20:468][538]LogTexture: Display: Building textures: LQ_Lightmap_0_10 (DXT1, 128X128)
[2019.03.25-14.16.20:468][538]LogTexture: Display: Building textures: SkyOcclusion0_11 (AutoDXT, 256X128)
[2019.03.25-14.16.20:468][538]LogTexture: Display: Building textures: HQ_Lightmap0_11 (AutoDXT, 256X256)
[2019.03.25-14.16.20:468][538]LogTexture: Display: Building textures: LQ_Lightmap_0_11 (DXT1, 256X256)
[2019.03.25-14.16.20:468][538]LogTexture: Display: Building textures: SkyOcclusion0_12 (AutoDXT, 256X128)
[2019.03.25-14.16.20:468][538]LogTexture: Display: Building textures: HQ_Lightmap0_12 (AutoDXT, 256X256)
[2019.03.25-14.16.20:468][538]LogTexture: Display: Building textures: LQ_Lightmap_0_12 (DXT1, 256X256)
[2019.03.25-14.16.20:468][538]LogTexture: Display: Building textures: SkyOcclusion0_13 (AutoDXT, 256X128)
[2019.03.25-14.16.20:468][538]LogTexture: Display: Building textures: HQ_Lightmap0_13 (AutoDXT, 256X256)
[2019.03.25-14.16.20:468][538]LogTexture: Display: Building textures: LQ_Lightmap_0_13 (DXT1, 256X256)
[2019.03.25-14.16.20:468][538]LogTexture: Display: Building textures: SkyOcclusion0_14 (AutoDXT, 256X128)
[2019.03.25-14.16.20:469][538]LogTexture: Display: Building textures: HQ_Lightmap0_14 (AutoDXT, 256X256)
[2019.03.25-14.16.20:469][538]LogTexture: Display: Building textures: LQ_Lightmap_0_14 (DXT1, 256X256)
[2019.03.25-14.16.20:469][538]LogTexture: Display: Building textures: SkyOcclusion0_15 (AutoDXT, 256X128)
[2019.03.25-14.16.20:469][538]LogTexture: Display: Building textures: HQ_Lightmap0_15 (AutoDXT, 256X256)
[2019.03.25-14.16.20:469][538]LogTexture: Display: Building textures: LQ_Lightmap_0_15 (DXT1, 256X256)
[2019.03.25-14.16.20:469][538]LogTexture: Display: Building textures: SkyOcclusion0_16 (AutoDXT, 256X128)
[2019.03.25-14.16.20:469][538]LogTexture: Display: Building textures: HQ_Lightmap0_16 (AutoDXT, 256X256)
[2019.03.25-14.16.20:469][538]LogTexture: Display: Building textures: LQ_Lightmap_0_16 (DXT1, 256X256)
[2019.03.25-14.16.20:469][538]LogTexture: Display: Building textures: SkyOcclusion0_17 (AutoDXT, 256X128)
[2019.03.25-14.16.20:469][538]LogTexture: Display: Building textures: HQ_Lightmap0_17 (AutoDXT, 256X256)
[2019.03.25-14.16.20:469][538]LogTexture: Display: Building textures: LQ_Lightmap_0_17 (DXT1, 256X256)
[2019.03.25-14.16.20:469][538]LogTexture: Display: Building textures: SkyOcclusion0_18 (AutoDXT, 256X128)
[2019.03.25-14.16.20:469][538]LogTexture: Display: Building textures: HQ_Lightmap0_18 (AutoDXT, 256X256)
[2019.03.25-14.16.20:469][538]LogTexture: Display: Building textures: LQ_Lightmap_0_18 (DXT1, 256X256)
[2019.03.25-14.16.20:469][538]LogTexture: Display: Building textures: SkyOcclusion0_19 (AutoDXT, 128X64)
[2019.03.25-14.16.20:469][538]LogTexture: Display: Building textures: HQ_Lightmap0_19 (AutoDXT, 128X128)
[2019.03.25-14.16.20:469][538]LogTexture: Display: Building textures: LQ_Lightmap_0_19 (DXT1, 128X128)
[2019.03.25-14.16.20:469][538]LogTexture: Display: Building textures: SkyOcclusion0_20 (AutoDXT, 128X64)
[2019.03.25-14.16.20:469][538]LogTexture: Display: Building textures: HQ_Lightmap0_20 (AutoDXT, 128X128)
[2019.03.25-14.16.20:469][538]LogTexture: Display: Building textures: LQ_Lightmap_0_20 (DXT1, 128X128)
[2019.03.25-14.16.20:469][538]LogTexture: Display: Building textures: SkyOcclusion0_21 (AutoDXT, 128X64)
[2019.03.25-14.16.20:469][538]LogTexture: Display: Building textures: HQ_Lightmap0_21 (AutoDXT, 128X128)
[2019.03.25-14.16.20:469][538]LogTexture: Display: Building textures: LQ_Lightmap_0_21 (DXT1, 128X128)
[2019.03.25-14.16.20:469][538]LogTexture: Display: Building textures: SkyOcclusion0_22 (AutoDXT, 128X64)
[2019.03.25-14.16.20:469][538]LogTexture: Display: Building textures: HQ_Lightmap0_22 (AutoDXT, 128X128)
[2019.03.25-14.16.20:469][538]LogTexture: Display: Building textures: LQ_Lightmap_0_22 (DXT1, 128X128)
[2019.03.25-14.16.20:469][538]LogTexture: Display: Building textures: SkyOcclusion0_23 (AutoDXT, 128X64)
[2019.03.25-14.16.20:469][538]LogTexture: Display: Building textures: HQ_Lightmap0_23 (AutoDXT, 128X128)
[2019.03.25-14.16.20:469][538]LogTexture: Display: Building textures: LQ_Lightmap_0_23 (DXT1, 128X128)
[2019.03.25-14.16.20:469][538]LogTexture: Display: Building textures: SkyOcclusion0_24 (AutoDXT, 128X64)
[2019.03.25-14.16.20:469][538]LogTexture: Display: Building textures: HQ_Lightmap0_24 (AutoDXT, 128X128)
[2019.03.25-14.16.20:469][538]LogTexture: Display: Building textures: LQ_Lightmap_0_24 (DXT1, 128X128)
[2019.03.25-14.16.20:469][538]LogTexture: Display: Building textures: SkyOcclusion0_25 (AutoDXT, 64X32)
[2019.03.25-14.16.20:469][538]LogTexture: Display: Building textures: HQ_Lightmap0_25 (AutoDXT, 64X64)
[2019.03.25-14.16.20:469][538]LogTexture: Display: Building textures: LQ_Lightmap_0_25 (DXT1, 64X64)
[2019.03.25-14.16.20:667][538]LogTexture: Display: Building textures: ShadowMapTexture2D_8 (G8, 128X64)
[2019.03.25-14.16.20:667][538]LogTexture: Display: Building textures: ShadowMapTexture2D_9 (G8, 256X64)
[2019.03.25-14.16.20:667][538]LogTexture: Display: Building textures: ShadowMapTexture2D_5 (G8, 256X64)
[2019.03.25-14.16.20:667][538]LogTexture: Display: Building textures: ShadowMapTexture2D_7 (G8, 256X64)
[2019.03.25-14.16.20:667][538]LogTexture: Display: Building textures: ShadowMapTexture2D_4 (G8, 256X64)
[2019.03.25-14.16.20:667][538]LogTexture: Display: Building textures: ShadowMapTexture2D_2 (G8, 256X64)
[2019.03.25-14.16.20:667][538]LogTexture: Display: Building textures: ShadowMapTexture2D_6 (G8, 256X64)
[2019.03.25-14.16.20:667][538]LogTexture: Display: Building textures: ShadowMapTexture2D_10 (G8, 256X64)
[2019.03.25-14.16.20:667][538]LogTexture: Display: Building textures: ShadowMapTexture2D_17 (G8, 64X64)
[2019.03.25-14.16.20:667][538]LogTexture: Display: Building textures: ShadowMapTexture2D_11 (G8, 256X64)
[2019.03.25-14.16.20:667][538]LogTexture: Display: Building textures: ShadowMapTexture2D_12 (G8, 256X64)
[2019.03.25-14.16.20:667][538]LogTexture: Display: Building textures: ShadowMapTexture2D_3 (G8, 256X64)
[2019.03.25-14.16.20:667][538]LogTexture: Display: Building textures: ShadowMapTexture2D_13 (G8, 256X64)
[2019.03.25-14.16.20:667][538]LogTexture: Display: Building textures: ShadowMapTexture2D_14 (G8, 256X64)
[2019.03.25-14.16.20:667][538]LogTexture: Display: Building textures: ShadowMapTexture2D_18 (G8, 128X64)
[2019.03.25-14.16.20:667][538]LogTexture: Display: Building textures: ShadowMapTexture2D_23 (G8, 32X32)
[2019.03.25-14.16.20:667][538]LogTexture: Display: Building textures: ShadowMapTexture2D_19 (G8, 128X64)
[2019.03.25-14.16.20:667][538]LogTexture: Display: Building textures: ShadowMapTexture2D_21 (G8, 64X64)
[2019.03.25-14.16.20:667][538]LogTexture: Display: Building textures: ShadowMapTexture2D_16 (G8, 256X64)
[2019.03.25-14.16.20:667][538]LogTexture: Display: Building textures: ShadowMapTexture2D_20 (G8, 64X64)
[2019.03.25-14.16.20:667][538]LogTexture: Display: Building textures: ShadowMapTexture2D_15 (G8, 256X64)
[2019.03.25-14.16.20:667][538]LogTexture: Display: Building textures: ShadowMapTexture2D_22 (G8, 128X64)
[2019.03.25-14.16.20:667][538]LogTexture: Display: Building textures: ShadowMapTexture2D_1 (G8, 1024X512)
[2019.03.25-14.16.20:722][538]LogTexture: Display: Building textures: ShadowMapTexture2D_0 (G8, 1024X1024)
[2019.03.25-14.16.20:765][538]Lightmass on C15003246: 15.5 sec total, 4.90 sec importing, 271 ms setup, 2.58 sec photons, 7.71 sec processing, 0 ms extra exporting [79/79 mappings]. Threads: 1:24 min total, 50.3 sec processing.
[2019.03.25-14.16.20:799][538]LogStaticLightingSystem: Illumination: 27.8 sec (805 ms encoding lightmaps, 245 ms encoding shadowmaps)
[2019.03.25-14.16.20:799][538]LogStaticLightingSystem: Lightmap texture memory:  10.6 MB (10.6 MB streaming, 0.0 MB non-streaming), 50 textures
[2019.03.25-14.16.20:799][538]LogStaticLightingSystem: Shadowmap texture memory: 2.4 MB (2.4 MB streaming, 0.0 MB non-streaming), 24 textures
[2019.03.25-14.16.21:646][538]DumpUnbuiltLightIteractions
[2019.03.25-14.16.21:647][538]Lights with unbuilt interactions: 0
[2019.03.25-14.16.21:647][538]
[2019.03.25-14.16.21:647][538]Primitives with unbuilt interactions: 0
[2019.03.25-14.16.21:654][538]LogSlate: FSceneViewport::OnFocusLost() reason 2
[2019.03.25-14.16.21:770][539]Cmd: MAP CHECK NOTIFYRESULTS
[2019.03.25-14.16.21:770][539]MapCheck: New page: ThirdPersonExampleMap - 25 Mar 2019 14:16:21
[2019.03.25-14.16.21:846][539]MapCheck: Map check complete: 0 Error(s), 0 Warning(s), took 76.626ms to complete.
[2019.03.25-14.19.59:704][116]LogSavePackage: Moving '../../../../../../Users/CSG17031341/Downloads/Team-Miyamoto/EscapeYourself/Saved/ThirdPersonExampleMap_Auto141934C22437C3CF0A3FE5FBAE7570C65.tmp' to '../../../../../../Users/CSG17031341/Downloads/Team-Miyamoto/EscapeYourself/Saved/Autosaves/Game/ThirdPersonBP/Maps/ThirdPersonExampleMap_Auto1.umap'
[2019.03.25-14.19.59:716][116]LogFileHelpers: Editor autosave (incl. sublevels) for '/Game/ThirdPersonBP/Maps/ThirdPersonExampleMap' took 0.324
[2019.03.25-14.19.59:716][116]LogFileHelpers: Editor autosave (incl. sublevels) for all levels took 0.324
[2019.03.25-14.19.59:719][116]OBJ SavePackage: Generating thumbnails for [0] asset(s) in package [/Game/ThirdPersonBP/Maps/ThirdPersonExampleMap_BuiltData] ([1] browsable assets)...
[2019.03.25-14.19.59:719][116]OBJ SavePackage: Finished generating thumbnails for package [/Game/ThirdPersonBP/Maps/ThirdPersonExampleMap_BuiltData]
[2019.03.25-14.19.59:805][116]LogSavePackage: Moving '../../../../../../Users/CSG17031341/Downloads/Team-Miyamoto/EscapeYourself/Saved/ThirdPersonExampleMap_BuiltData_CEA3D9884E121D96CF0408BBDFE8282C.tmp' to '../../../../../../Users/CSG17031341/Downloads/Team-Miyamoto/EscapeYourself/Saved/Autosaves/Game/ThirdPersonBP/Maps/ThirdPersonExampleMap_BuiltData_Auto1.uasset'
[2019.03.25-14.19.59:814][116]LogFileHelpers: Auto-saving content packages took 0.097
[2019.03.25-14.34.00:056][651]LogSlate: FSceneViewport::OnFocusLost() reason 0
[2019.03.25-14.34.04:670][663]LogSlate: Window 'Save Content' being destroyed
[2019.03.25-14.34.06:748][911]LogSlate: FSceneViewport::OnFocusLost() reason 2
[2019.03.25-14.34.07:870][ 37]LogSlate: FSceneViewport::OnFocusLost() reason 2
[2019.03.25-14.34.08:213][ 37]LogSavePackage: Moving '../../../../../../Users/CSG17031341/Downloads/Team-Miyamoto/EscapeYourself/Saved/ThirdPersonExampleMapAC91BC914082B1257AB7BE8C618B26FE.tmp' to '../../../../../../Users/CSG17031341/Downloads/Team-Miyamoto/EscapeYourself/Content/ThirdPersonBP/Maps/ThirdPersonExampleMap.umap'
[2019.03.25-14.34.08:267][ 37]LogFileHelpers: Saving map 'ThirdPersonExampleMap' took 0.389
[2019.03.25-14.34.08:698][ 37]LogSavePackage: Moving '../../../../../../Users/CSG17031341/Downloads/Team-Miyamoto/EscapeYourself/Saved/ThirdPersonExampleMap_BuiltDataCE3B71CD4201ABD67D17268AF09649BC.tmp' to '../../../../../../Users/CSG17031341/Downloads/Team-Miyamoto/EscapeYourself/Content/ThirdPersonBP/Maps/ThirdPersonExampleMap_BuiltData.uasset'
